<?xml version="1.0" encoding="UTF-8"?>
<!-- Generated by org.testng.reporters.JUnitReportReporter -->
<testsuite skipped="0" hostname="divya-PC" name="pack1.p1" tests="1" failures="0" timestamp="19 Dec 2019 04:21:05 GMT" time="26.821" errors="0">
  <testcase name="script1" time="26.821" classname="pack1.p1"/>
</testsuite> <!-- pack1.p1 -->
